<?xml version="1.0" encoding="UTF-8"?>
<testng-results skipped="0" failed="0" total="2" passed="2">
  <reporter-output>
  </reporter-output>
  <suite name="Suite1" duration-ms="24907" started-at="2019-09-21T19:17:09Z" finished-at="2019-09-21T19:17:34Z">
    <groups>
    </groups>
    <test name="login" duration-ms="18398" started-at="2019-09-21T19:17:09Z" finished-at="2019-09-21T19:17:27Z">
      <class name="guru_tests.loginTest">
        <test-method status="PASS" signature="login()[pri:0, instance:guru_tests.loginTest@1f792cf]" name="login" duration-ms="18386" started-at="2019-09-22T00:47:09Z" finished-at="2019-09-22T00:47:27Z">
          <reporter-output>
          </reporter-output>
        </test-method> <!-- login -->
      </class> <!-- guru_tests.loginTest -->
    </test> <!-- login -->
    <test name="Verify_Mobile_sorting" duration-ms="6492" started-at="2019-09-21T19:17:27Z" finished-at="2019-09-21T19:17:34Z">
      <class name="guru_tests.SortMobile">
        <test-method status="PASS" signature="login()[pri:0, instance:guru_tests.SortMobile@6e2eef]" name="login" duration-ms="6491" started-at="2019-09-22T00:47:27Z" finished-at="2019-09-22T00:47:34Z">
          <reporter-output>
          </reporter-output>
        </test-method> <!-- login -->
      </class> <!-- guru_tests.SortMobile -->
    </test> <!-- Verify_Mobile_sorting -->
  </suite> <!-- Suite1 -->
</testng-results>
