<?xml version="1.0" encoding="UTF-8"?>
<testng-results skipped="0" failed="0" total="3" passed="3">
  <reporter-output>
  </reporter-output>
  <suite name="Suite1" duration-ms="43765" started-at="2019-09-21T19:38:20Z" finished-at="2019-09-21T19:39:04Z">
    <groups>
    </groups>
    <test name="login" duration-ms="16644" started-at="2019-09-21T19:38:20Z" finished-at="2019-09-21T19:38:37Z">
      <class name="guru_tests.loginTest">
        <test-method status="PASS" signature="login()[pri:0, instance:guru_tests.loginTest@3498ed]" name="login" duration-ms="16632" started-at="2019-09-22T01:08:20Z" finished-at="2019-09-22T01:08:37Z">
          <reporter-output>
          </reporter-output>
        </test-method> <!-- login -->
      </class> <!-- guru_tests.loginTest -->
    </test> <!-- login -->
    <test name="Verify_Mobile_sorting" duration-ms="12458" started-at="2019-09-21T19:38:37Z" finished-at="2019-09-21T19:38:49Z">
      <class name="guru_tests.SortMobile">
        <test-method status="PASS" signature="login()[pri:0, instance:guru_tests.SortMobile@10f6bfd]" name="login" duration-ms="12457" started-at="2019-09-22T01:08:37Z" finished-at="2019-09-22T01:08:49Z">
          <reporter-output>
          </reporter-output>
        </test-method> <!-- login -->
      </class> <!-- guru_tests.SortMobile -->
    </test> <!-- Verify_Mobile_sorting -->
    <test name="Verify_Mobile_cost" duration-ms="14636" started-at="2019-09-21T19:38:49Z" finished-at="2019-09-21T19:39:04Z">
      <class name="guru_tests.VerifyProductCost">
        <test-method status="PASS" signature="login()[pri:0, instance:guru_tests.VerifyProductCost@1a03464]" name="login" duration-ms="14635" started-at="2019-09-22T01:08:49Z" finished-at="2019-09-22T01:09:04Z">
          <reporter-output>
          </reporter-output>
        </test-method> <!-- login -->
      </class> <!-- guru_tests.VerifyProductCost -->
    </test> <!-- Verify_Mobile_cost -->
  </suite> <!-- Suite1 -->
</testng-results>
